<?xml version="1.0" encoding="UTF-8"?>
<!-- Generated by org.testng.reporters.JUnitXMLReporter -->
<testsuite hostname="User-PC" failures="1" tests="1" name="Test" time="20.16" errors="0" timestamp="16 Sep 2019 10:51:47 GMT">
  <testcase classname="runner.Runner" name="feature" time="19.181">
    <failure type="cucumber.runtime.CucumberException" message="java.lang.AssertionError: Test Failed - Text is not present">
      <![CDATA[cucumber.runtime.CucumberException: java.lang.AssertionError: Test Failed - Text is not present
	at cucumber.api.testng.TestNGCucumberRunner.runCucumber(TestNGCucumberRunner.java:69)
	at cucumber.api.testng.AbstractTestNGCucumberTests.feature(AbstractTestNGCucumberTests.java:21)
Caused by: java.lang.AssertionError: Test Failed - Text is not present
	at utilities.SeleniumDriver.assertTextPresent(SeleniumDriver.java:73)
	at steps.LoginSteps.i_validate_the_Dashboard_that_text_is_present(LoginSteps.java:42)
	at âœ½.Then I validate the Dashboard that text "Welcome to WordPess" is present(LoginWP499.feature:12)
... Removed 25 stack frames]]>
    </failure>
  </testcase> <!-- feature -->
</testsuite> <!-- Test -->
